<?xml version="1.0" encoding="UTF-8"?>
<testsuite name="data.implementation.QuickPushOrderedListTest" tests="7" skipped="0" failures="0" errors="0" timestamp="2022-12-08T13:47:02" hostname="LENOVO-B" time="0.056">
  <properties/>
  <testcase name="testPopStrings_EmptyList_ShouldFailWithEmptyListException()" classname="data.implementation.QuickPushOrderedListTest" time="0.046"/>
  <testcase name="testPopIntegers_PopulatedList_ShouldReturnThemInDescendingOrder()" classname="data.implementation.QuickPushOrderedListTest" time="0.005"/>
  <testcase name="testPushStrings_PopulatedList_ShouldReturnStringsInDescendingOrder()" classname="data.implementation.QuickPushOrderedListTest" time="0.001"/>
  <testcase name="testPushIntegers_PopulatedList_ShouldReturnValidSize()" classname="data.implementation.QuickPushOrderedListTest" time="0.001"/>
  <testcase name="testPopIntegers_PopulatedList_ShouldReturnStringsInDescendingOrder()" classname="data.implementation.QuickPushOrderedListTest" time="0.0"/>
  <testcase name="testIsEmptyListStrings_EmptyList_ShouldReturnTrue()" classname="data.implementation.QuickPushOrderedListTest" time="0.001"/>
  <testcase name="testPushIntegers_PopulatedList_ShouldReturnTheExactNumberOfPushedObjects()" classname="data.implementation.QuickPushOrderedListTest" time="0.0"/>
  <system-out><![CDATA[]]></system-out>
  <system-err><![CDATA[]]></system-err>
</testsuite>
