<?xml version="1.0" encoding="UTF-8"?>
<testsuite name="data.implementation.OrderedEmployeeListsTest" tests="1" skipped="0" failures="0" errors="0" timestamp="2022-12-12T12:02:49" hostname="LENOVO-B" time="0.016">
  <properties/>
  <testcase name="testPopPaidEmployee_PopulatedList_ShouldReturnThemInSalaryAscendingOrder()" classname="data.implementation.OrderedEmployeeListsTest" time="0.016"/>
  <system-out><![CDATA[]]></system-out>
  <system-err><![CDATA[]]></system-err>
</testsuite>
